--------------------
./configure --prefix=/opt/mscc/mscc-brsdk-source-2019.02.7-232/mscc_stage1_servalt_defconfig/host --sysconfdir=/opt/mscc/mscc-brsdk-source-2019.02.7-232/mscc_stage1_servalt_defconfig/host/etc
Tue Aug 31 01:06:35 UTC 2021
ignored option: --sysconfdir
=== ztest21601.c ===
extern int getchar();
int hello() {return getchar();}
===
/usr/bin/gcc -c ztest21601.c
... using gcc

Checking for obsessive-compulsive compiler options...
=== ztest21601.c ===
int foo() { return 0; }
===
/usr/bin/gcc -c -O2 -I/opt/mscc/mscc-brsdk-source-2019.02.7-232/mscc_stage1_servalt_defconfig/host/include ztest21601.c

Checking for shared library support...
=== ztest21601.c ===
extern int getchar();
int hello() {return getchar();}
===
/usr/bin/gcc -w -c -O2 -I/opt/mscc/mscc-brsdk-source-2019.02.7-232/mscc_stage1_servalt_defconfig/host/include -fPIC ztest21601.c
/usr/bin/gcc -shared -Wl,-soname,libz.so.1,--version-script,zlib.map -O2 -I/opt/mscc/mscc-brsdk-source-2019.02.7-232/mscc_stage1_servalt_defconfig/host/include -fPIC -o ztest21601.so ztest21601.o
Building shared library libz.so.1.2.11 with /usr/bin/gcc.

=== ztest21601.c ===
#include <stdio.h>
#include <stdlib.h>
size_t dummy = 0;
===
/usr/bin/gcc -c -O2 -I/opt/mscc/mscc-brsdk-source-2019.02.7-232/mscc_stage1_servalt_defconfig/host/include ztest21601.c
Checking for size_t... Yes.


=== ztest21601.c ===
#include <sys/types.h>
off64_t dummy = 0;
===
/usr/bin/gcc -c -O2 -I/opt/mscc/mscc-brsdk-source-2019.02.7-232/mscc_stage1_servalt_defconfig/host/include -D_LARGEFILE64_SOURCE=1 ztest21601.c
Checking for off64_t... Yes.
Checking for fseeko... Yes.

=== ztest21601.c ===
#include <string.h>
#include <errno.h>
int main() { return strlen(strerror(errno)); }
===
/usr/bin/gcc -O2 -I/opt/mscc/mscc-brsdk-source-2019.02.7-232/mscc_stage1_servalt_defconfig/host/include -D_LARGEFILE64_SOURCE=1 -o ztest21601 ztest21601.c
Checking for strerror... Yes.

=== ztest21601.c ===
#include <unistd.h>
int main() { return 0; }
===
/usr/bin/gcc -c -O2 -I/opt/mscc/mscc-brsdk-source-2019.02.7-232/mscc_stage1_servalt_defconfig/host/include -D_LARGEFILE64_SOURCE=1 ztest21601.c
Checking for unistd.h... Yes.

=== ztest21601.c ===
#include <stdarg.h>
int main() { return 0; }
===
/usr/bin/gcc -c -O2 -I/opt/mscc/mscc-brsdk-source-2019.02.7-232/mscc_stage1_servalt_defconfig/host/include -D_LARGEFILE64_SOURCE=1 ztest21601.c
Checking for stdarg.h... Yes.

=== ztest21601.c ===
#include <stdio.h>
#include <stdarg.h>
#include "zconf.h"
int main()
{
#ifndef STDC
  choke me
#endif
  return 0;
}
===
/usr/bin/gcc -c -O2 -I/opt/mscc/mscc-brsdk-source-2019.02.7-232/mscc_stage1_servalt_defconfig/host/include -D_LARGEFILE64_SOURCE=1 ztest21601.c
Checking whether to use vs[n]printf() or s[n]printf()... using vs[n]printf().

=== ztest21601.c ===
#include <stdio.h>
#include <stdarg.h>
int mytest(const char *fmt, ...)
{
  char buf[20];
  va_list ap;
  va_start(ap, fmt);
  vsnprintf(buf, sizeof(buf), fmt, ap);
  va_end(ap);
  return 0;
}
int main()
{
  return (mytest("Hello%d\n", 1));
}
===
/usr/bin/gcc -O2 -I/opt/mscc/mscc-brsdk-source-2019.02.7-232/mscc_stage1_servalt_defconfig/host/include -D_LARGEFILE64_SOURCE=1 -o ztest21601 ztest21601.c
Checking for vsnprintf() in stdio.h... Yes.

=== ztest21601.c ===
#include <stdio.h>
#include <stdarg.h>
int mytest(const char *fmt, ...)
{
  int n;
  char buf[20];
  va_list ap;
  va_start(ap, fmt);
  n = vsnprintf(buf, sizeof(buf), fmt, ap);
  va_end(ap);
  return n;
}
int main()
{
  return (mytest("Hello%d\n", 1));
}
===
/usr/bin/gcc -c -O2 -I/opt/mscc/mscc-brsdk-source-2019.02.7-232/mscc_stage1_servalt_defconfig/host/include -D_LARGEFILE64_SOURCE=1 ztest21601.c
Checking for return value of vsnprintf()... Yes.

=== ztest21601.c ===
#define ZLIB_INTERNAL __attribute__((visibility ("hidden")))
int ZLIB_INTERNAL foo;
int main()
{
  return 0;
}
===
/usr/bin/gcc -c -O2 -I/opt/mscc/mscc-brsdk-source-2019.02.7-232/mscc_stage1_servalt_defconfig/host/include -D_LARGEFILE64_SOURCE=1 ztest21601.c
Checking for attribute(visibility) support... Yes.

ALL = static shared all64
AR = /usr/bin/ar
ARFLAGS = rc
CC = /usr/bin/gcc
CFLAGS = -O2 -I/opt/mscc/mscc-brsdk-source-2019.02.7-232/mscc_stage1_servalt_defconfig/host/include -D_LARGEFILE64_SOURCE=1 -DHAVE_HIDDEN
CPP = /usr/bin/cpp
EXE =
LDCONFIG = ldconfig
LDFLAGS = -L/opt/mscc/mscc-brsdk-source-2019.02.7-232/mscc_stage1_servalt_defconfig/host/lib -Wl,-rpath,/opt/mscc/mscc-brsdk-source-2019.02.7-232/mscc_stage1_servalt_defconfig/host/lib
LDSHARED = /usr/bin/gcc -shared -Wl,-soname,libz.so.1,--version-script,zlib.map
LDSHAREDLIBC = -lc
OBJC = $(OBJZ) $(OBJG)
PIC_OBJC = $(PIC_OBJZ) $(PIC_OBJG)
RANLIB = /usr/bin/ranlib
SFLAGS = -O2 -I/opt/mscc/mscc-brsdk-source-2019.02.7-232/mscc_stage1_servalt_defconfig/host/include -fPIC -D_LARGEFILE64_SOURCE=1 -DHAVE_HIDDEN
SHAREDLIB = libz.so
SHAREDLIBM = libz.so.1
SHAREDLIBV = libz.so.1.2.11
STATICLIB = libz.a
TEST = all teststatic testshared test64
VER = 1.2.11
Z_U4 =
SRCDIR =
exec_prefix = ${prefix}
includedir = ${prefix}/include
libdir = ${exec_prefix}/lib
mandir = ${prefix}/share/man
prefix = /opt/mscc/mscc-brsdk-source-2019.02.7-232/mscc_stage1_servalt_defconfig/host
sharedlibdir = ${libdir}
uname = Linux
--------------------


