--------------------
./configure --static --prefix=/usr
Tue Aug 31 01:08:23 UTC 2021
=== ztest56214.c ===
extern int getchar();
int hello() {return getchar();}
===
/opt/mscc/mscc-brsdk-source-2019.02.7-232/mscc_stage1_servalt_defconfig/host/bin/mipsel-linux-gcc -c ztest56214.c
... using gcc

Checking for obsessive-compulsive compiler options...
=== ztest56214.c ===
int foo() { return 0; }
===
/opt/mscc/mscc-brsdk-source-2019.02.7-232/mscc_stage1_servalt_defconfig/host/bin/mipsel-linux-gcc -c -D_LARGEFILE_SOURCE -D_LARGEFILE64_SOURCE -D_FILE_OFFSET_BITS=64 -Os -static ztest56214.c

Building static library libz.a version 1.2.11 with /opt/mscc/mscc-brsdk-source-2019.02.7-232/mscc_stage1_servalt_defconfig/host/bin/mipsel-linux-gcc.

=== ztest56214.c ===
#include <stdio.h>
#include <stdlib.h>
size_t dummy = 0;
===
/opt/mscc/mscc-brsdk-source-2019.02.7-232/mscc_stage1_servalt_defconfig/host/bin/mipsel-linux-gcc -c -D_LARGEFILE_SOURCE -D_LARGEFILE64_SOURCE -D_FILE_OFFSET_BITS=64 -Os -static ztest56214.c
Checking for size_t... Yes.


=== ztest56214.c ===
#include <sys/types.h>
off64_t dummy = 0;
===
/opt/mscc/mscc-brsdk-source-2019.02.7-232/mscc_stage1_servalt_defconfig/host/bin/mipsel-linux-gcc -c -D_LARGEFILE_SOURCE -D_LARGEFILE64_SOURCE -D_FILE_OFFSET_BITS=64 -Os -static -D_LARGEFILE64_SOURCE=1 ztest56214.c
Checking for off64_t... Yes.
Checking for fseeko... Yes.

=== ztest56214.c ===
#include <string.h>
#include <errno.h>
int main() { return strlen(strerror(errno)); }
===
/opt/mscc/mscc-brsdk-source-2019.02.7-232/mscc_stage1_servalt_defconfig/host/bin/mipsel-linux-gcc -D_LARGEFILE_SOURCE -D_LARGEFILE64_SOURCE -D_FILE_OFFSET_BITS=64 -Os -static -D_LARGEFILE64_SOURCE=1 -o ztest56214 ztest56214.c
Checking for strerror... Yes.

=== ztest56214.c ===
#include <unistd.h>
int main() { return 0; }
===
/opt/mscc/mscc-brsdk-source-2019.02.7-232/mscc_stage1_servalt_defconfig/host/bin/mipsel-linux-gcc -c -D_LARGEFILE_SOURCE -D_LARGEFILE64_SOURCE -D_FILE_OFFSET_BITS=64 -Os -static -D_LARGEFILE64_SOURCE=1 ztest56214.c
Checking for unistd.h... Yes.

=== ztest56214.c ===
#include <stdarg.h>
int main() { return 0; }
===
/opt/mscc/mscc-brsdk-source-2019.02.7-232/mscc_stage1_servalt_defconfig/host/bin/mipsel-linux-gcc -c -D_LARGEFILE_SOURCE -D_LARGEFILE64_SOURCE -D_FILE_OFFSET_BITS=64 -Os -static -D_LARGEFILE64_SOURCE=1 ztest56214.c
Checking for stdarg.h... Yes.

=== ztest56214.c ===
#include <stdio.h>
#include <stdarg.h>
#include "zconf.h"
int main()
{
#ifndef STDC
  choke me
#endif
  return 0;
}
===
/opt/mscc/mscc-brsdk-source-2019.02.7-232/mscc_stage1_servalt_defconfig/host/bin/mipsel-linux-gcc -c -D_LARGEFILE_SOURCE -D_LARGEFILE64_SOURCE -D_FILE_OFFSET_BITS=64 -Os -static -D_LARGEFILE64_SOURCE=1 ztest56214.c
Checking whether to use vs[n]printf() or s[n]printf()... using vs[n]printf().

=== ztest56214.c ===
#include <stdio.h>
#include <stdarg.h>
int mytest(const char *fmt, ...)
{
  char buf[20];
  va_list ap;
  va_start(ap, fmt);
  vsnprintf(buf, sizeof(buf), fmt, ap);
  va_end(ap);
  return 0;
}
int main()
{
  return (mytest("Hello%d\n", 1));
}
===
/opt/mscc/mscc-brsdk-source-2019.02.7-232/mscc_stage1_servalt_defconfig/host/bin/mipsel-linux-gcc -D_LARGEFILE_SOURCE -D_LARGEFILE64_SOURCE -D_FILE_OFFSET_BITS=64 -Os -static -D_LARGEFILE64_SOURCE=1 -o ztest56214 ztest56214.c
Checking for vsnprintf() in stdio.h... Yes.

=== ztest56214.c ===
#include <stdio.h>
#include <stdarg.h>
int mytest(const char *fmt, ...)
{
  int n;
  char buf[20];
  va_list ap;
  va_start(ap, fmt);
  n = vsnprintf(buf, sizeof(buf), fmt, ap);
  va_end(ap);
  return n;
}
int main()
{
  return (mytest("Hello%d\n", 1));
}
===
/opt/mscc/mscc-brsdk-source-2019.02.7-232/mscc_stage1_servalt_defconfig/host/bin/mipsel-linux-gcc -c -D_LARGEFILE_SOURCE -D_LARGEFILE64_SOURCE -D_FILE_OFFSET_BITS=64 -Os -static -D_LARGEFILE64_SOURCE=1 ztest56214.c
Checking for return value of vsnprintf()... Yes.

=== ztest56214.c ===
#define ZLIB_INTERNAL __attribute__((visibility ("hidden")))
int ZLIB_INTERNAL foo;
int main()
{
  return 0;
}
===
/opt/mscc/mscc-brsdk-source-2019.02.7-232/mscc_stage1_servalt_defconfig/host/bin/mipsel-linux-gcc -c -D_LARGEFILE_SOURCE -D_LARGEFILE64_SOURCE -D_FILE_OFFSET_BITS=64 -Os -static -D_LARGEFILE64_SOURCE=1 ztest56214.c
Checking for attribute(visibility) support... Yes.

ALL = static all64
AR = /opt/mscc/mscc-brsdk-source-2019.02.7-232/mscc_stage1_servalt_defconfig/host/bin/mipsel-linux-ar
ARFLAGS = rc
CC = /opt/mscc/mscc-brsdk-source-2019.02.7-232/mscc_stage1_servalt_defconfig/host/bin/mipsel-linux-gcc
CFLAGS = -D_LARGEFILE_SOURCE -D_LARGEFILE64_SOURCE -D_FILE_OFFSET_BITS=64 -Os -static -D_LARGEFILE64_SOURCE=1 -DHAVE_HIDDEN
CPP = /opt/mscc/mscc-brsdk-source-2019.02.7-232/mscc_stage1_servalt_defconfig/host/bin/mipsel-linux-cpp
EXE =
LDCONFIG = ldconfig
LDFLAGS = -static
LDSHARED = /opt/mscc/mscc-brsdk-source-2019.02.7-232/mscc_stage1_servalt_defconfig/host/bin/mipsel-linux-gcc
LDSHAREDLIBC = -lc
OBJC = $(OBJZ) $(OBJG)
PIC_OBJC = $(PIC_OBJZ) $(PIC_OBJG)
RANLIB = /opt/mscc/mscc-brsdk-source-2019.02.7-232/mscc_stage1_servalt_defconfig/host/bin/mipsel-linux-ranlib
SFLAGS = -D_LARGEFILE_SOURCE -D_LARGEFILE64_SOURCE -D_FILE_OFFSET_BITS=64 -Os -static -fPIC -D_LARGEFILE64_SOURCE=1 -DHAVE_HIDDEN
SHAREDLIB =
SHAREDLIBM =
SHAREDLIBV =
STATICLIB = libz.a
TEST = all teststatic test64
VER = 1.2.11
Z_U4 =
SRCDIR =
exec_prefix = ${prefix}
includedir = ${prefix}/include
libdir = ${exec_prefix}/lib
mandir = ${prefix}/share/man
prefix = /usr
sharedlibdir = ${libdir}
uname = Linux
--------------------


